<?xml version="1.0" encoding="UTF-8"?>
<testsuite name="com.ll.CalcTest" tests="33" skipped="0" failures="0" errors="0" timestamp="2023-12-29T01:35:38" hostname="B강의장11" time="0.088">
  <properties/>
  <testcase name="1 + 1 == 2" classname="com.ll.CalcTest" time="0.029"/>
  <testcase name="2 + 1 == 3" classname="com.ll.CalcTest" time="0.001"/>
  <testcase name="2 + 2 == 4" classname="com.ll.CalcTest" time="0.001"/>
  <testcase name="123 + 456 == 579" classname="com.ll.CalcTest" time="0.001"/>
  <testcase name="1000 + 200 == 1200" classname="com.ll.CalcTest" time="0.001"/>
  <testcase name="50 - 30 == 20" classname="com.ll.CalcTest" time="0.001"/>
  <testcase name="3 - 1 == 2" classname="com.ll.CalcTest" time="0.001"/>
  <testcase name="10 + 20 + 30 == 60" classname="com.ll.CalcTest" time="0.001"/>
  <testcase name="10 - 20 + 30 == 20" classname="com.ll.CalcTest" time="0.001"/>
  <testcase name="10 - 10 - 10 - 10 == -20" classname="com.ll.CalcTest" time="0.001"/>
  <testcase name="10 - 10 - 10 - 10 + 10 + 10 - 10 == -10" classname="com.ll.CalcTest" time="0.0"/>
  <testcase name="10 * 10 == 100" classname="com.ll.CalcTest" time="0.0"/>
  <testcase name="10 * -10 == -100" classname="com.ll.CalcTest" time="0.0"/>
  <testcase name="10 * 10 * 10 == 1000" classname="com.ll.CalcTest" time="0.0"/>
  <testcase name="10 + 5 * 2 == 20" classname="com.ll.CalcTest" time="0.001"/>
  <testcase name="(10 + 20) == 30" classname="com.ll.CalcTest" time="0.001"/>
  <testcase name="((10 + 20)) == 30" classname="com.ll.CalcTest" time="0.001"/>
  <testcase name="(((10 + 20))) == 30" classname="com.ll.CalcTest" time="0.001"/>
  <testcase name="100 == 100" classname="com.ll.CalcTest" time="0.001"/>
  <testcase name="(100) == 100" classname="com.ll.CalcTest" time="0.001"/>
  <testcase name="(100)  == 100" classname="com.ll.CalcTest" time="0.0"/>
  <testcase name="(20 + 20) + 20 == 60" classname="com.ll.CalcTest" time="0.006"/>
  <testcase name="(10 + 20) * 3 == 90" classname="com.ll.CalcTest" time="0.001"/>
  <testcase name="10 + (10 + 5) == 25" classname="com.ll.CalcTest" time="0.001"/>
  <testcase name="8 + (10 + 5) == 23" classname="com.ll.CalcTest" time="0.001"/>
  <testcase name="800 + (10 + 5) == 815" classname="com.ll.CalcTest" time="0.002"/>
  <testcase name="2 * (2 + 3) == 10" classname="com.ll.CalcTest" time="0.001"/>
  <testcase name="20 * (2 + 3) == 10" classname="com.ll.CalcTest" time="0.001"/>
  <testcase name="-(10 + 5) == -15" classname="com.ll.CalcTest" time="0.005"/>
  <testcase name="-(8 + 2) * -(7 + 3) + 5 == 105" classname="com.ll.CalcTest" time="0.002"/>
  <testcase name="5 - (1 + 5) == -1" classname="com.ll.CalcTest" time="0.002"/>
  <testcase name="3 * 1 + (1 - (4 * 1 - (1 - 1))) == 0" classname="com.ll.CalcTest" time="0.002"/>
  <testcase name="1 * 2 + 3 == 5" classname="com.ll.CalcTest" time="0.0"/>
  <system-out><![CDATA[exp(1) : 1 + 1
exp(2) : 2 + 1
exp(3) : 2 + 2
exp(4) : 123 + 456
exp(5) : 1000 + 200
exp(6) : 50 - 30
exp(7) : 3 - 1
exp(8) : 10 + 20 + 30
exp(9) : 10 - 20 + 30
exp(10) : 10 - 10 - 10 - 10
exp(11) : 10 - 10 - 10 - 10 + 10 + 10 - 10
exp(12) : 10 * 10
exp(13) : 10 * -10
exp(14) : 10 * 10 * 10
exp(15) : 10 + 5 * 2
exp(16) : 10
exp(17) : 5 * 2
exp(18) : 10 + 20
exp(19) : 10 + 20
exp(20) : 10 + 20
exp(21) : 100
exp(22) : 100
exp(23) : 100
exp(24) : (20 + 20) + 20
exp(25) : 20 + 20
exp(26) : 20
exp(27) : 40 + 20
exp(28) : (10 + 20) * 3
exp(29) : 10 + 20
exp(30) : 3
exp(31) : 30 * 3
exp(32) : 10 + (10 + 5)
exp(33) : 10
exp(34) : 10 + 5
exp(35) : 10 + 15
exp(36) : 8 + (10 + 5)
exp(37) : 8
exp(38) : 10 + 5
exp(39) : 8 + 15
exp(40) : 800 + (10 + 5)
exp(41) : 800
exp(42) : 10 + 5
exp(43) : 800 + 15
exp(44) : 2 * (2 + 3)
exp(45) : 2
exp(46) : 2 + 3
exp(47) : 2 * 5
exp(48) : 20 * (2 + 3)
exp(49) : 20
exp(50) : 2 + 3
exp(51) : 20 * 5
exp(52) : (10 + 5) * -1
exp(53) : 10 + 5
exp(54) : -1
exp(55) : 15 * -1
exp(56) : ((8 + 2) * -1) * ((7 + 3) * -1) + 5
exp(57) : ((8 + 2) * -1) * ((7 + 3) * -1)
exp(58) : (8 + 2) * -1
exp(59) : 8 + 2
exp(60) : -1
exp(61) : 10 * -1
exp(62) : (7 + 3) * -1
exp(63) : 7 + 3
exp(64) : -1
exp(65) : 10 * -1
exp(66) : -10 * -10
exp(67) : 5
exp(68) : 100 + 5
exp(69) : 5 - (1 + 5)
exp(70) : 5
exp(71) : (1 + 5) * -1
exp(72) : 1 + 5
exp(73) : -1
exp(74) : 6 * -1
exp(75) : 5 + -6
exp(76) : 3 * 1 + (1 - (4 * 1 - (1 - 1)))
exp(77) : 3 * 1
exp(78) : 1 + ((4 * 1 + ((1 + -1) * -1)) * -1)
exp(79) : 1
exp(80) : (4 * 1 + ((1 + -1) * -1)) * -1
exp(81) : 4 * 1 + ((1 + -1) * -1)
exp(82) : 4 * 1
exp(83) : (1 + -1) * -1
exp(84) : 1 + -1
exp(85) : -1
exp(86) : 0 * -1
exp(87) : 4 + 0
exp(88) : -1
exp(89) : 4 * -1
exp(90) : 1 + -4
exp(91) : 3 + -3
exp(92) : 1 * 2 + 3
exp(93) : 1 * 2
exp(94) : 3
]]></system-out>
  <system-err><![CDATA[]]></system-err>
</testsuite>
